<?xml version="1.0" encoding="UTF-8"?>
<!-- Generated by org.testng.reporters.JUnitXMLReporter -->
<testsuite ignored="0" hostname="Contractor-001" failures="1" tests="2" name="JavaAndAutomation_Repo" time="4.663" errors="0" timestamp="2021-07-29T11:37:49 AST">
  <testcase classname="c_TestNG.TestNG_Assertions" name="openURL" time="1.95"/>
  <testcase classname="c_TestNG.TestNG_Assertions" name="getTitle" time="0.008">
    <failure type="java.lang.AssertionError" message="expected [Google2] but found [Google]">
      <![CDATA[java.lang.AssertionError: expected [Google2] but found [Google]
at c_TestNG.TestNG_Assertions.getTitle(TestNG_Assertions.java:32)
at java.base/java.util.ArrayList.forEach(ArrayList.java:1511)
at com.intellij.rt.testng.IDEARemoteTestNG.run(IDEARemoteTestNG.java:66)
at com.intellij.rt.testng.RemoteTestNGStarter.main(RemoteTestNGStarter.java:109)
... Removed 30 stack frames]]>
    </failure>
  </testcase> <!-- getTitle -->
</testsuite> <!-- JavaAndAutomation_Repo -->
